using mnist_train_cache.dat as cache
7660 out of 10000
7774 out of 10000
8569 out of 10000
8675 out of 10000
8688 out of 10000
8757 out of 10000
8769 out of 10000
8753 out of 10000
8777 out of 10000
8812 out of 10000
8802 out of 10000
8781 out of 10000
8813 out of 10000
8820 out of 10000
8823 out of 10000
8818 out of 10000
8820 out of 10000
8830 out of 10000
8835 out of 10000
8842 out of 10000
8847 out of 10000
8842 out of 10000
8850 out of 10000
8866 out of 10000
8864 out of 10000
8857 out of 10000
8853 out of 10000
8857 out of 10000
8870 out of 10000
8868 out of 10000
using mnist_test_cache.dat as cache
8847 out of 10000 on test data.

real  3m35.685s
user  3m39.959s
sys 0m39.395s
